Wed Apr 04 13:03:54 CEST 2018  [debug] AvalonLogSystem initialized using logfile 'velocity.log'
Wed Apr 04 13:03:54 CEST 2018   [info] ************************************************************** 
Wed Apr 04 13:03:54 CEST 2018   [info] Starting Jakarta Velocity v1.4
Wed Apr 04 13:03:54 CEST 2018   [info] RuntimeInstance initializing.
Wed Apr 04 13:03:54 CEST 2018   [info] Default Properties File: org/apache/velocity/runtime/defaults/velocity.properties
Wed Apr 04 13:03:54 CEST 2018   [info] Trying to use logger class org.apache.velocity.runtime.log.AvalonLogSystem
Wed Apr 04 13:03:54 CEST 2018   [info] Using logger class org.apache.velocity.runtime.log.AvalonLogSystem
Wed Apr 04 13:03:54 CEST 2018   [info] Default ResourceManager initializing. (class org.apache.velocity.runtime.resource.ResourceManagerImpl)
Wed Apr 04 13:03:54 CEST 2018   [info] Resource Loader Instantiated: org.apache.velocity.runtime.resource.loader.ClasspathResourceLoader
Wed Apr 04 13:03:54 CEST 2018   [info] ClasspathResourceLoader : initialization starting.
Wed Apr 04 13:03:54 CEST 2018   [info] ClasspathResourceLoader : initialization complete.
Wed Apr 04 13:03:54 CEST 2018   [info] ResourceCache : initialized. (class org.apache.velocity.runtime.resource.ResourceCacheImpl)
Wed Apr 04 13:03:54 CEST 2018   [info] Default ResourceManager initialization complete.
Wed Apr 04 13:03:54 CEST 2018   [info] Loaded System Directive: org.apache.velocity.runtime.directive.Literal
Wed Apr 04 13:03:54 CEST 2018   [info] Loaded System Directive: org.apache.velocity.runtime.directive.Macro
Wed Apr 04 13:03:54 CEST 2018   [info] Loaded System Directive: org.apache.velocity.runtime.directive.Parse
Wed Apr 04 13:03:54 CEST 2018   [info] Loaded System Directive: org.apache.velocity.runtime.directive.Include
Wed Apr 04 13:03:54 CEST 2018   [info] Loaded System Directive: org.apache.velocity.runtime.directive.Foreach
Wed Apr 04 13:03:54 CEST 2018   [info] Created: 20 parsers.
Wed Apr 04 13:03:54 CEST 2018   [info] Velocimacro : initialization starting.
Wed Apr 04 13:03:54 CEST 2018   [info] Velocimacro : adding VMs from VM library template : VM_global_library.vm
Wed Apr 04 13:03:54 CEST 2018  [error] ResourceManager : unable to find resource 'VM_global_library.vm' in any resource loader.
Wed Apr 04 13:03:54 CEST 2018   [info] Velocimacro : error using  VM library template VM_global_library.vm : org.apache.velocity.exception.ResourceNotFoundException: Unable to find resource 'VM_global_library.vm'
Wed Apr 04 13:03:54 CEST 2018   [info] Velocimacro :  VM library template macro registration complete.
Wed Apr 04 13:03:54 CEST 2018   [info] Velocimacro : allowInline = true : VMs can be defined inline in templates
Wed Apr 04 13:03:54 CEST 2018   [info] Velocimacro : allowInlineToOverride = false : VMs defined inline may NOT replace previous VM definitions
Wed Apr 04 13:03:54 CEST 2018   [info] Velocimacro : allowInlineLocal = false : VMs defined inline will be  global in scope if allowed.
Wed Apr 04 13:03:54 CEST 2018   [info] Velocimacro : messages on  : VM system will output logging messages
Wed Apr 04 13:03:54 CEST 2018   [info] Velocimacro : autoload off  : VM system will not automatically reload global library macros
Wed Apr 04 13:03:54 CEST 2018   [info] Velocimacro : initialization complete.
Wed Apr 04 13:03:54 CEST 2018   [info] Velocity successfully started.
Wed Apr 04 13:04:40 CEST 2018   [info] ResourceManager : found org/uncommons/reportng/templates/html/index.html.vm with loader org.apache.velocity.runtime.resource.loader.ClasspathResourceLoader
Wed Apr 04 13:04:40 CEST 2018   [info] ResourceManager : found org/uncommons/reportng/templates/html/overview.html.vm with loader org.apache.velocity.runtime.resource.loader.ClasspathResourceLoader
Wed Apr 04 13:04:40 CEST 2018   [info] ResourceManager : found org/uncommons/reportng/templates/html/suites.html.vm with loader org.apache.velocity.runtime.resource.loader.ClasspathResourceLoader
Wed Apr 04 13:04:40 CEST 2018   [info] ResourceManager : found org/uncommons/reportng/templates/html/groups.html.vm with loader org.apache.velocity.runtime.resource.loader.ClasspathResourceLoader
Wed Apr 04 13:04:40 CEST 2018   [info] ResourceManager : found org/uncommons/reportng/templates/html/results.html.vm with loader org.apache.velocity.runtime.resource.loader.ClasspathResourceLoader
Wed Apr 04 13:04:40 CEST 2018   [info] ResourceManager : found org/uncommons/reportng/templates/html/class-results.html.vm with loader org.apache.velocity.runtime.resource.loader.ClasspathResourceLoader
Wed Apr 04 13:04:40 CEST 2018   [info] ResourceManager : found org/uncommons/reportng/templates/html/class-results.html.vm with loader org.apache.velocity.runtime.resource.loader.ClasspathResourceLoader
Wed Apr 04 13:04:40 CEST 2018   [info] ResourceManager : found org/uncommons/reportng/templates/xml/results.xml.vm with loader org.apache.velocity.runtime.resource.loader.ClasspathResourceLoader
Wed Apr 04 13:04:40 CEST 2018   [info] ResourceManager : found org/uncommons/reportng/templates/xml/results.xml.vm with loader org.apache.velocity.runtime.resource.loader.ClasspathResourceLoader
